  [1m[36m (1.0ms)[0m  [1mCREATE TABLE "schema_migrations" ("version" varchar NOT NULL) [0m
  [1m[35m (0.1ms)[0m  select sqlite_version(*)
  [1m[36m (0.9ms)[0m  [1mCREATE UNIQUE INDEX "unique_schema_migrations" ON "schema_migrations" ("version")[0m
  [1m[35mActiveRecord::SchemaMigration Load (0.1ms)[0m  SELECT "schema_migrations".* FROM "schema_migrations"
Migrating to DeviseCreateUsers (20150809012244)
  [1m[36m (0.1ms)[0m  [1mbegin transaction[0m
DEPRECATION WARNING: `#timestamp` was called without specifying an option for `null`. In Rails 5, this behavior will change to `null: false`. You should manually specify `null: true` to prevent the behavior of your existing migrations from changing. (called from block in change at /Users/michaelrobinson/dev/workspace/blizzard/db/migrate/20150809012244_devise_create_users.rb:34)
  [1m[35m (0.4ms)[0m  CREATE TABLE "users" ("id" INTEGER PRIMARY KEY AUTOINCREMENT NOT NULL, "email" varchar DEFAULT '' NOT NULL, "encrypted_password" varchar DEFAULT '' NOT NULL, "reset_password_token" varchar, "reset_password_sent_at" datetime, "remember_created_at" datetime, "sign_in_count" integer DEFAULT 0 NOT NULL, "current_sign_in_at" datetime, "last_sign_in_at" datetime, "current_sign_in_ip" varchar, "last_sign_in_ip" varchar, "created_at" datetime, "updated_at" datetime) 
  [1m[36m (0.3ms)[0m  [1mCREATE UNIQUE INDEX "index_users_on_email" ON "users" ("email")[0m
  [1m[35m (0.1ms)[0m              SELECT sql
            FROM sqlite_master
            WHERE name='index_users_on_email' AND type='index'
            UNION ALL
            SELECT sql
            FROM sqlite_temp_master
            WHERE name='index_users_on_email' AND type='index'

  [1m[36m (0.1ms)[0m  [1mCREATE UNIQUE INDEX "index_users_on_reset_password_token" ON "users" ("reset_password_token")[0m
  [1m[35mSQL (0.1ms)[0m  INSERT INTO "schema_migrations" ("version") VALUES (?)  [["version", "20150809012244"]]
  [1m[36m (1.0ms)[0m  [1mcommit transaction[0m
Migrating to AddAccessTokenToUser (20150809012530)
  [1m[35m (0.1ms)[0m  begin transaction
  [1m[36m (0.7ms)[0m  [1mALTER TABLE "users" ADD "access_token" varchar[0m
  [1m[35m (0.2ms)[0m  ALTER TABLE "users" ADD "username" varchar
  [1m[36mSQL (0.1ms)[0m  [1mINSERT INTO "schema_migrations" ("version") VALUES (?)[0m  [["version", "20150809012530"]]
  [1m[35m (0.6ms)[0m  commit transaction
  [1m[36mActiveRecord::SchemaMigration Load (0.1ms)[0m  [1mSELECT "schema_migrations".* FROM "schema_migrations"[0m
  [1m[35m (0.1ms)[0m              SELECT sql
            FROM sqlite_master
            WHERE name='index_users_on_reset_password_token' AND type='index'
            UNION ALL
            SELECT sql
            FROM sqlite_temp_master
            WHERE name='index_users_on_reset_password_token' AND type='index'

  [1m[36m (0.1ms)[0m  [1m            SELECT sql
            FROM sqlite_master
            WHERE name='index_users_on_email' AND type='index'
            UNION ALL
            SELECT sql
            FROM sqlite_temp_master
            WHERE name='index_users_on_email' AND type='index'
[0m
  [1m[36mActiveRecord::SchemaMigration Load (0.1ms)[0m  [1mSELECT "schema_migrations".* FROM "schema_migrations"[0m
  [1m[35mActiveRecord::SchemaMigration Load (0.1ms)[0m  SELECT "schema_migrations".* FROM "schema_migrations"
  [1m[36m (0.2ms)[0m  [1m            SELECT sql
            FROM sqlite_master
            WHERE name='index_users_on_reset_password_token' AND type='index'
            UNION ALL
            SELECT sql
            FROM sqlite_temp_master
            WHERE name='index_users_on_reset_password_token' AND type='index'
[0m
  [1m[35m (0.1ms)[0m              SELECT sql
            FROM sqlite_master
            WHERE name='index_users_on_email' AND type='index'
            UNION ALL
            SELECT sql
            FROM sqlite_temp_master
            WHERE name='index_users_on_email' AND type='index'

  [1m[36m (0.2ms)[0m  [1mbegin transaction[0m
  [1m[35mUser Exists (0.4ms)[0m  SELECT  1 AS one FROM "users" WHERE "users"."email" = 'test@test.com' LIMIT 1
  [1m[36m (0.1ms)[0m  [1mrollback transaction[0m


Started POST "/v1/login" for 127.0.0.1 at 2015-08-09 11:40:12 +1000
  [1m[36mActiveRecord::SchemaMigration Load (0.1ms)[0m  [1mSELECT "schema_migrations".* FROM "schema_migrations"[0m
Processing by V1::SessionsController#create as JSON
  Parameters: {"email"=>"user@example.com=user", "user"=>{"password"=>"[FILTERED]"}}
  [1m[35mUser Load (0.3ms)[0m  SELECT  "users".* FROM "users" WHERE "users"."email" = ?  ORDER BY "users"."id" ASC LIMIT 1  [["email", ""]]
Completed 422 Unprocessable Entity in 255ms (Views: 1.0ms | ActiveRecord: 0.7ms)


Started POST "/v1/login" for 127.0.0.1 at 2015-08-09 11:41:02 +1000
Processing by V1::SessionsController#create as JSON
  Parameters: {"email"=>"test@test.com=user", "user"=>{"password"=>"[FILTERED]"}}
  [1m[36mUser Load (0.1ms)[0m  [1mSELECT  "users".* FROM "users" WHERE "users"."email" = ?  ORDER BY "users"."id" ASC LIMIT 1[0m  [["email", ""]]
Completed 422 Unprocessable Entity in 1ms (Views: 0.1ms | ActiveRecord: 0.1ms)


Started POST "/v1/login" for 127.0.0.1 at 2015-08-09 11:43:38 +1000
Processing by V1::SessionsController#create as JSON
  Parameters: {"email"=>"test@test.com=user", "user"=>{"password"=>"[FILTERED]"}}
  [1m[35mUser Load (0.1ms)[0m  SELECT  "users".* FROM "users" WHERE "users"."email" = ?  ORDER BY "users"."id" ASC LIMIT 1  [["email", ""]]
Completed 422 Unprocessable Entity in 1ms (Views: 0.1ms | ActiveRecord: 0.1ms)
  [1m[36m (22.6ms)[0m  [1mCREATE TABLE "users" ("id" serial primary key, "email" character varying DEFAULT '' NOT NULL, "encrypted_password" character varying DEFAULT '' NOT NULL, "reset_password_token" character varying, "reset_password_sent_at" timestamp, "remember_created_at" timestamp, "sign_in_count" integer DEFAULT 0 NOT NULL, "current_sign_in_at" timestamp, "last_sign_in_at" timestamp, "current_sign_in_ip" character varying, "last_sign_in_ip" character varying, "created_at" timestamp, "updated_at" timestamp, "access_token" character varying, "username" character varying) [0m
  [1m[35m (16.1ms)[0m  CREATE UNIQUE INDEX  "index_users_on_email" ON "users"  ("email")
  [1m[36m (1.4ms)[0m  [1mCREATE UNIQUE INDEX  "index_users_on_reset_password_token" ON "users"  ("reset_password_token")[0m
  [1m[35m (14.1ms)[0m  CREATE TABLE "schema_migrations" ("version" character varying NOT NULL) 
  [1m[36m (10.9ms)[0m  [1mCREATE UNIQUE INDEX  "unique_schema_migrations" ON "schema_migrations"  ("version")[0m
  [1m[35m (0.5ms)[0m  SELECT version FROM "schema_migrations"
  [1m[36m (0.6ms)[0m  [1mINSERT INTO "schema_migrations" (version) VALUES ('20150809012530')[0m
  [1m[35m (0.4ms)[0m  INSERT INTO "schema_migrations" (version) VALUES ('20150809012244')
  [1m[36m (10.5ms)[0m  [1mCREATE TABLE "users" ("id" serial primary key, "email" character varying DEFAULT '' NOT NULL, "encrypted_password" character varying DEFAULT '' NOT NULL, "reset_password_token" character varying, "reset_password_sent_at" timestamp, "remember_created_at" timestamp, "sign_in_count" integer DEFAULT 0 NOT NULL, "current_sign_in_at" timestamp, "last_sign_in_at" timestamp, "current_sign_in_ip" character varying, "last_sign_in_ip" character varying, "created_at" timestamp, "updated_at" timestamp, "access_token" character varying, "username" character varying) [0m
  [1m[35m (1.2ms)[0m  CREATE UNIQUE INDEX  "index_users_on_email" ON "users"  ("email")
  [1m[36m (1.0ms)[0m  [1mCREATE UNIQUE INDEX  "index_users_on_reset_password_token" ON "users"  ("reset_password_token")[0m
  [1m[35m (1.7ms)[0m  CREATE TABLE "schema_migrations" ("version" character varying NOT NULL) 
  [1m[36m (1.2ms)[0m  [1mCREATE UNIQUE INDEX  "unique_schema_migrations" ON "schema_migrations"  ("version")[0m
  [1m[35m (0.3ms)[0m  SELECT version FROM "schema_migrations"
  [1m[36m (0.4ms)[0m  [1mINSERT INTO "schema_migrations" (version) VALUES ('20150809012530')[0m
  [1m[35m (0.4ms)[0m  INSERT INTO "schema_migrations" (version) VALUES ('20150809012244')
  [1m[36mActiveRecord::SchemaMigration Load (0.2ms)[0m  [1mSELECT "schema_migrations".* FROM "schema_migrations"[0m


Started POST "/v1/login" for 127.0.0.1 at 2015-08-10 21:25:19 +1000
  [1m[36mActiveRecord::SchemaMigration Load (0.3ms)[0m  [1mSELECT "schema_migrations".* FROM "schema_migrations"[0m
Processing by V1::SessionsController#create as JSON
  Parameters: {"email"=>"user@example.com=user", "user"=>{"password"=>"[FILTERED]"}}
  [1m[35mUser Load (0.3ms)[0m  SELECT  "users".* FROM "users" WHERE "users"."email" = $1  ORDER BY "users"."id" ASC LIMIT 1  [["email", ""]]
Completed 422 Unprocessable Entity in 246ms (Views: 0.2ms | ActiveRecord: 3.9ms)
  [1m[36m (0.2ms)[0m  [1mBEGIN[0m
  [1m[35mUser Exists (0.6ms)[0m  SELECT  1 AS one FROM "users" WHERE "users"."email" = 'user@example.com' LIMIT 1
  [1m[36m (0.2ms)[0m  [1mROLLBACK[0m
  [1m[36m (0.2ms)[0m  [1mBEGIN[0m
  [1m[35mUser Exists (0.6ms)[0m  SELECT  1 AS one FROM "users" WHERE "users"."email" = 'user@example.com' LIMIT 1
  [1m[36m (0.2ms)[0m  [1mROLLBACK[0m
  [1m[35mUser Load (0.6ms)[0m  SELECT "users".* FROM "users"
  [1m[36m (0.1ms)[0m  [1mBEGIN[0m
  [1m[35mUser Exists (0.2ms)[0m  SELECT  1 AS one FROM "users" WHERE "users"."email" = 'user@example.com' LIMIT 1
  [1m[36m (0.1ms)[0m  [1mROLLBACK[0m
  [1m[35m (0.2ms)[0m  BEGIN
  [1m[36mUser Exists (0.3ms)[0m  [1mSELECT  1 AS one FROM "users" WHERE "users"."email" = 'user@example.com' LIMIT 1[0m
  [1m[35m (0.2ms)[0m  ROLLBACK
  [1m[36m (0.1ms)[0m  [1mBEGIN[0m
  [1m[35mUser Exists (0.2ms)[0m  SELECT  1 AS one FROM "users" WHERE "users"."email" = 'user@example.com' LIMIT 1
  [1m[36m (0.1ms)[0m  [1mROLLBACK[0m
  [1m[35m (0.1ms)[0m  BEGIN
  [1m[36mUser Exists (0.2ms)[0m  [1mSELECT  1 AS one FROM "users" WHERE "users"."email" = 'user@example.com' LIMIT 1[0m
  [1m[35mSQL (0.5ms)[0m  INSERT INTO "users" ("encrypted_password", "email", "username", "created_at", "updated_at") VALUES ($1, $2, $3, $4, $5) RETURNING "id"  [["encrypted_password", "$2a$10$yeSRfSwqJnuHfxQK6tQ9COcaUBTAkgycSL/R3Ey9.XslKlMpk7Jvi"], ["email", "user@example.com"], ["username", "Michael"], ["created_at", "2015-08-10 11:31:35.958201"], ["updated_at", "2015-08-10 11:31:35.958201"]]
  [1m[36mUser Exists (0.3ms)[0m  [1mSELECT  1 AS one FROM "users" WHERE ("users"."email" = 'user@example.com' AND "users"."id" != 1) LIMIT 1[0m
  [1m[35mSQL (0.2ms)[0m  UPDATE "users" SET "encrypted_password" = $1, "email" = $2, "username" = $3, "created_at" = $4, "updated_at" = $5, "id" = $6, "access_token" = $7 WHERE "users"."id" = $8  [["encrypted_password", "$2a$10$yeSRfSwqJnuHfxQK6tQ9COcaUBTAkgycSL/R3Ey9.XslKlMpk7Jvi"], ["email", "user@example.com"], ["username", "Michael"], ["created_at", "2015-08-10 11:31:35.958201"], ["updated_at", "2015-08-10 11:31:35.958201"], ["id", 1], ["access_token", "1:syddR3ALjJrMtE4xEGS_"], ["id", 1]]
  [1m[36m (0.4ms)[0m  [1mCOMMIT[0m
  [1m[35mUser Load (0.5ms)[0m  SELECT "users".* FROM "users"


Started POST "/v1/login" for 127.0.0.1 at 2015-08-10 21:31:58 +1000
Processing by V1::SessionsController#create as JSON
  Parameters: {"email"=>"user@example.com=user", "user"=>{"password"=>"[FILTERED]"}}
  [1m[36mUser Load (0.3ms)[0m  [1mSELECT  "users".* FROM "users" WHERE "users"."email" = $1  ORDER BY "users"."id" ASC LIMIT 1[0m  [["email", ""]]
Completed 422 Unprocessable Entity in 2ms (Views: 0.1ms | ActiveRecord: 0.3ms)


Started POST "/v1/login" for 127.0.0.1 at 2015-08-10 21:32:25 +1000
Processing by V1::SessionsController#create as JSON
  Parameters: {"email"=>"user@example.com=user", "Michael"=>{"password"=>"[FILTERED]"}}
  [1m[35mUser Load (0.2ms)[0m  SELECT  "users".* FROM "users" WHERE "users"."email" = $1  ORDER BY "users"."id" ASC LIMIT 1  [["email", ""]]
Completed 422 Unprocessable Entity in 1ms (Views: 0.1ms | ActiveRecord: 0.2ms)


Started POST "/v1/login" for 127.0.0.1 at 2015-08-10 21:32:33 +1000
Processing by V1::SessionsController#create as JSON
  Parameters: {"email"=>"user@example.com=Michael", "user"=>{"password"=>"[FILTERED]"}}
  [1m[36mUser Load (0.3ms)[0m  [1mSELECT  "users".* FROM "users" WHERE "users"."email" = $1  ORDER BY "users"."id" ASC LIMIT 1[0m  [["email", ""]]
Completed 422 Unprocessable Entity in 1ms (Views: 0.1ms | ActiveRecord: 0.3ms)


Started POST "/v1/login" for 127.0.0.1 at 2015-08-10 21:33:09 +1000
Processing by V1::SessionsController#create as JSON
  Parameters: {"email"=>"user@example.com=Michael", "Michael"=>{"password"=>"[FILTERED]"}}
  [1m[35mUser Load (0.3ms)[0m  SELECT  "users".* FROM "users" WHERE "users"."email" = $1  ORDER BY "users"."id" ASC LIMIT 1  [["email", ""]]
Completed 422 Unprocessable Entity in 1ms (Views: 0.1ms | ActiveRecord: 0.3ms)


Started POST "/v1/login" for 127.0.0.1 at 2015-08-10 21:49:49 +1000
Processing by V1::SessionsController#create as JSON
  Parameters: {"email"=>"user@example.com=Michael", "Michael"=>{"password"=>"[FILTERED]"}}
  [1m[36mUser Load (0.2ms)[0m  [1mSELECT  "users".* FROM "users" WHERE "users"."email" = $1  ORDER BY "users"."id" ASC LIMIT 1[0m  [["email", ""]]
Completed 422 Unprocessable Entity in 1ms (Views: 0.1ms | ActiveRecord: 0.2ms)


Started POST "/v1/login" for 127.0.0.1 at 2015-08-10 21:50:02 +1000
Processing by V1::SessionsController#create as JSON
  Parameters: {"email"=>"user@example.com=user", "user"=>{"password"=>"[FILTERED]"}}
  [1m[35mUser Load (0.2ms)[0m  SELECT  "users".* FROM "users" WHERE "users"."email" = $1  ORDER BY "users"."id" ASC LIMIT 1  [["email", ""]]
Completed 422 Unprocessable Entity in 1ms (Views: 0.1ms | ActiveRecord: 0.2ms)
  [1m[36mUser Load (0.5ms)[0m  [1mSELECT "users".* FROM "users"[0m


Started POST "/v1/login" for 127.0.0.1 at 2015-08-10 21:52:29 +1000
Processing by V1::SessionsController#create as JSON
  Parameters: {"email"=>"user@example.com=user", "user"=>{"password"=>"[FILTERED]"}}
  [1m[36mUser Load (0.1ms)[0m  [1mSELECT  "users".* FROM "users" WHERE "users"."email" = $1  ORDER BY "users"."id" ASC LIMIT 1[0m  [["email", ""]]
Completed 422 Unprocessable Entity in 1ms (Views: 0.2ms | ActiveRecord: 0.1ms)


Started POST "/v1/login" for 127.0.0.1 at 2015-08-10 21:53:53 +1000
Processing by V1::SessionsController#create as JSON
  Parameters: {"email"=>"user@example.com=user", "user"=>{"password"=>"[FILTERED]"}}
  [1m[35mUser Load (0.1ms)[0m  SELECT  "users".* FROM "users" WHERE "users"."email" = $1  ORDER BY "users"."id" ASC LIMIT 1  [["email", ""]]
Completed 422 Unprocessable Entity in 1ms (Views: 0.1ms | ActiveRecord: 0.1ms)


Started POST "/v1/login" for 127.0.0.1 at 2015-08-10 21:55:01 +1000
Processing by V1::SessionsController#create as JSON
  Parameters: {"email"=>"user@example.com=user", "user"=>{"password"=>"[FILTERED]"}}
  [1m[36mUser Load (0.2ms)[0m  [1mSELECT  "users".* FROM "users" WHERE "users"."email" = $1  ORDER BY "users"."id" ASC LIMIT 1[0m  [["email", ""]]
Completed 422 Unprocessable Entity in 1ms (Views: 0.1ms | ActiveRecord: 0.1ms)


Started POST "/v1/login" for 127.0.0.1 at 2015-08-29 11:24:13 +1000
  [1m[36mActiveRecord::SchemaMigration Load (7.3ms)[0m  [1mSELECT "schema_migrations".* FROM "schema_migrations"[0m
Processing by V1::SessionsController#create as JSON
  Parameters: {"email"=>"user@example.com=user", "user"=>{"password"=>"[FILTERED]"}}
  [1m[35mUser Load (3.1ms)[0m  SELECT  "users".* FROM "users" WHERE "users"."email" = $1  ORDER BY "users"."id" ASC LIMIT 1  [["email", ""]]
Completed 422 Unprocessable Entity in 278ms (Views: 0.2ms | ActiveRecord: 35.4ms)


Started POST "/v1/login" for 127.0.0.1 at 2015-08-29 11:24:32 +1000
Processing by V1::SessionsController#create as JSON
  Parameters: {"email"=>"user@example.com=user", "user"=>{"password"=>"[FILTERED]"}}
  [1m[36mUser Load (0.2ms)[0m  [1mSELECT  "users".* FROM "users" WHERE "users"."email" = $1  ORDER BY "users"."id" ASC LIMIT 1[0m  [["email", ""]]
Completed 422 Unprocessable Entity in 1ms (Views: 0.1ms | ActiveRecord: 0.2ms)


Started POST "/v1/login" for 127.0.0.1 at 2015-08-29 11:24:35 +1000
Processing by V1::SessionsController#create as JSON
  Parameters: {"email"=>"user@example.com=user", "user"=>{"password"=>"[FILTERED]"}}
  [1m[35mUser Load (0.3ms)[0m  SELECT  "users".* FROM "users" WHERE "users"."email" = $1  ORDER BY "users"."id" ASC LIMIT 1  [["email", ""]]
Completed 422 Unprocessable Entity in 1ms (Views: 0.1ms | ActiveRecord: 0.3ms)


Started POST "/v1/login" for 127.0.0.1 at 2015-08-29 11:24:38 +1000
Processing by V1::SessionsController#create as JSON
  Parameters: {"email"=>"user@example.com=user", "user"=>{"password"=>"[FILTERED]"}}
  [1m[36mUser Load (0.2ms)[0m  [1mSELECT  "users".* FROM "users" WHERE "users"."email" = $1  ORDER BY "users"."id" ASC LIMIT 1[0m  [["email", ""]]
Completed 422 Unprocessable Entity in 1ms (Views: 0.1ms | ActiveRecord: 0.2ms)


Started POST "/v1/login" for 127.0.0.1 at 2015-08-29 11:25:26 +1000
Processing by V1::SessionsController#create as JSON
  Parameters: {"email"=>"user@example.com=user", "user"=>{"password"=>"[FILTERED]"}}
  [1m[35mUser Load (0.3ms)[0m  SELECT  "users".* FROM "users" WHERE "users"."email" = $1  ORDER BY "users"."id" ASC LIMIT 1  [["email", ""]]
Completed 422 Unprocessable Entity in 1ms (Views: 0.2ms | ActiveRecord: 0.3ms)


Started POST "/v1/login" for 127.0.0.1 at 2015-08-29 11:25:50 +1000
Processing by V1::SessionsController#create as JSON
  Parameters: {"email"=>"user@example.com=user", "user"=>{"password"=>"[FILTERED]"}}
  [1m[36mUser Load (0.2ms)[0m  [1mSELECT  "users".* FROM "users" WHERE "users"."email" = $1  ORDER BY "users"."id" ASC LIMIT 1[0m  [["email", ""]]
Completed 422 Unprocessable Entity in 1ms (Views: 0.1ms | ActiveRecord: 0.2ms)


Started POST "/v1/login" for 127.0.0.1 at 2015-08-29 11:26:38 +1000
Processing by V1::SessionsController#create as JSON
  Parameters: {"email"=>"user@example.com=user", "user"=>{"password"=>"[FILTERED]"}}
  [1m[35mUser Load (0.2ms)[0m  SELECT  "users".* FROM "users" WHERE "users"."email" = $1  ORDER BY "users"."id" ASC LIMIT 1  [["email", ""]]
Completed 422 Unprocessable Entity in 1ms (Views: 0.1ms | ActiveRecord: 0.2ms)


Started POST "/v1/users" for 127.0.0.1 at 2015-08-29 11:45:08 +1000

ActionController::RoutingError (No route matches [POST] "/v1/users"):
  actionpack (4.2.2) lib/action_dispatch/middleware/debug_exceptions.rb:21:in `call'
  web-console (2.2.1) lib/web_console/middleware.rb:39:in `call'
  actionpack (4.2.2) lib/action_dispatch/middleware/show_exceptions.rb:30:in `call'
  railties (4.2.2) lib/rails/rack/logger.rb:38:in `call_app'
  railties (4.2.2) lib/rails/rack/logger.rb:20:in `block in call'
  activesupport (4.2.2) lib/active_support/tagged_logging.rb:68:in `block in tagged'
  activesupport (4.2.2) lib/active_support/tagged_logging.rb:26:in `tagged'
  activesupport (4.2.2) lib/active_support/tagged_logging.rb:68:in `tagged'
  railties (4.2.2) lib/rails/rack/logger.rb:20:in `call'
  actionpack (4.2.2) lib/action_dispatch/middleware/request_id.rb:21:in `call'
  rack (1.6.4) lib/rack/runtime.rb:18:in `call'
  activesupport (4.2.2) lib/active_support/cache/strategy/local_cache_middleware.rb:28:in `call'
  rack (1.6.4) lib/rack/lock.rb:17:in `call'
  actionpack (4.2.2) lib/action_dispatch/middleware/static.rb:113:in `call'
  railties (4.2.2) lib/rails/engine.rb:518:in `call'
  railties (4.2.2) lib/rails/application.rb:164:in `call'
  rack (1.6.4) lib/rack/content_length.rb:15:in `call'
  thin (1.6.3) lib/thin/connection.rb:86:in `block in pre_process'
  thin (1.6.3) lib/thin/connection.rb:84:in `catch'
  thin (1.6.3) lib/thin/connection.rb:84:in `pre_process'
  thin (1.6.3) lib/thin/connection.rb:53:in `process'
  thin (1.6.3) lib/thin/connection.rb:39:in `receive_data'
  eventmachine (1.0.8) lib/eventmachine.rb:193:in `run_machine'
  eventmachine (1.0.8) lib/eventmachine.rb:193:in `run'
  thin (1.6.3) lib/thin/backends/base.rb:73:in `start'
  thin (1.6.3) lib/thin/server.rb:162:in `start'
  rack (1.6.4) lib/rack/handler/thin.rb:19:in `run'
  rack (1.6.4) lib/rack/server.rb:286:in `start'
  railties (4.2.2) lib/rails/commands/server.rb:80:in `start'
  railties (4.2.2) lib/rails/commands/commands_tasks.rb:80:in `block in server'
  railties (4.2.2) lib/rails/commands/commands_tasks.rb:75:in `tap'
  railties (4.2.2) lib/rails/commands/commands_tasks.rb:75:in `server'
  railties (4.2.2) lib/rails/commands/commands_tasks.rb:39:in `run_command!'
  railties (4.2.2) lib/rails/commands.rb:17:in `<top (required)>'
  bin/rails:8:in `require'
  bin/rails:8:in `<top (required)>'
  spring (1.3.6) lib/spring/client/rails.rb:28:in `load'
  spring (1.3.6) lib/spring/client/rails.rb:28:in `call'
  spring (1.3.6) lib/spring/client/command.rb:7:in `call'
  spring (1.3.6) lib/spring/client.rb:26:in `run'
  spring (1.3.6) bin/spring:48:in `<top (required)>'
  spring (1.3.6) lib/spring/binstub.rb:11:in `load'
  spring (1.3.6) lib/spring/binstub.rb:11:in `<top (required)>'
  bin/spring:13:in `require'
  bin/spring:13:in `<top (required)>'
  bin/rails:3:in `load'
  bin/rails:3:in `<main>'


  Rendered /Users/michaelrobinson/.rvm/gems/ruby-2.2.1/gems/actionpack-4.2.2/lib/action_dispatch/middleware/templates/rescues/_trace.html.erb (1.2ms)
  Rendered /Users/michaelrobinson/.rvm/gems/ruby-2.2.1/gems/actionpack-4.2.2/lib/action_dispatch/middleware/templates/routes/_route.html.erb (0.6ms)
  Rendered /Users/michaelrobinson/.rvm/gems/ruby-2.2.1/gems/actionpack-4.2.2/lib/action_dispatch/middleware/templates/routes/_table.html.erb (9.7ms)
  Rendered /Users/michaelrobinson/.rvm/gems/ruby-2.2.1/gems/actionpack-4.2.2/lib/action_dispatch/middleware/templates/rescues/_request_and_response.html.erb (0.8ms)
  Rendered /Users/michaelrobinson/.rvm/gems/ruby-2.2.1/gems/actionpack-4.2.2/lib/action_dispatch/middleware/templates/rescues/routing_error.html.erb within rescues/layout (56.2ms)
Cannot render console with content type application/jsonAllowed content types: [#<Mime::Type:0x007fdaa724c3e8 @synonyms=["application/xhtml+xml"], @symbol=:html, @string="text/html">, #<Mime::Type:0x007fdaa724c0c8 @synonyms=[], @symbol=:text, @string="text/plain">, #<Mime::Type:0x007fdaa7244f58 @synonyms=[], @symbol=:url_encoded_form, @string="application/x-www-form-urlencoded">]


Started POST "/v1/users" for 127.0.0.1 at 2015-08-29 11:45:36 +1000

ActionController::RoutingError (No route matches [POST] "/v1/users"):
  actionpack (4.2.2) lib/action_dispatch/middleware/debug_exceptions.rb:21:in `call'
  web-console (2.2.1) lib/web_console/middleware.rb:39:in `call'
  actionpack (4.2.2) lib/action_dispatch/middleware/show_exceptions.rb:30:in `call'
  railties (4.2.2) lib/rails/rack/logger.rb:38:in `call_app'
  railties (4.2.2) lib/rails/rack/logger.rb:20:in `block in call'
  activesupport (4.2.2) lib/active_support/tagged_logging.rb:68:in `block in tagged'
  activesupport (4.2.2) lib/active_support/tagged_logging.rb:26:in `tagged'
  activesupport (4.2.2) lib/active_support/tagged_logging.rb:68:in `tagged'
  railties (4.2.2) lib/rails/rack/logger.rb:20:in `call'
  actionpack (4.2.2) lib/action_dispatch/middleware/request_id.rb:21:in `call'
  rack (1.6.4) lib/rack/runtime.rb:18:in `call'
  activesupport (4.2.2) lib/active_support/cache/strategy/local_cache_middleware.rb:28:in `call'
  rack (1.6.4) lib/rack/lock.rb:17:in `call'
  actionpack (4.2.2) lib/action_dispatch/middleware/static.rb:113:in `call'
  railties (4.2.2) lib/rails/engine.rb:518:in `call'
  railties (4.2.2) lib/rails/application.rb:164:in `call'
  rack (1.6.4) lib/rack/content_length.rb:15:in `call'
  thin (1.6.3) lib/thin/connection.rb:86:in `block in pre_process'
  thin (1.6.3) lib/thin/connection.rb:84:in `catch'
  thin (1.6.3) lib/thin/connection.rb:84:in `pre_process'
  thin (1.6.3) lib/thin/connection.rb:53:in `process'
  thin (1.6.3) lib/thin/connection.rb:39:in `receive_data'
  eventmachine (1.0.8) lib/eventmachine.rb:193:in `run_machine'
  eventmachine (1.0.8) lib/eventmachine.rb:193:in `run'
  thin (1.6.3) lib/thin/backends/base.rb:73:in `start'
  thin (1.6.3) lib/thin/server.rb:162:in `start'
  rack (1.6.4) lib/rack/handler/thin.rb:19:in `run'
  rack (1.6.4) lib/rack/server.rb:286:in `start'
  railties (4.2.2) lib/rails/commands/server.rb:80:in `start'
  railties (4.2.2) lib/rails/commands/commands_tasks.rb:80:in `block in server'
  railties (4.2.2) lib/rails/commands/commands_tasks.rb:75:in `tap'
  railties (4.2.2) lib/rails/commands/commands_tasks.rb:75:in `server'
  railties (4.2.2) lib/rails/commands/commands_tasks.rb:39:in `run_command!'
  railties (4.2.2) lib/rails/commands.rb:17:in `<top (required)>'
  bin/rails:8:in `require'
  bin/rails:8:in `<top (required)>'
  spring (1.3.6) lib/spring/client/rails.rb:28:in `load'
  spring (1.3.6) lib/spring/client/rails.rb:28:in `call'
  spring (1.3.6) lib/spring/client/command.rb:7:in `call'
  spring (1.3.6) lib/spring/client.rb:26:in `run'
  spring (1.3.6) bin/spring:48:in `<top (required)>'
  spring (1.3.6) lib/spring/binstub.rb:11:in `load'
  spring (1.3.6) lib/spring/binstub.rb:11:in `<top (required)>'
  bin/spring:13:in `require'
  bin/spring:13:in `<top (required)>'
  bin/rails:3:in `load'
  bin/rails:3:in `<main>'


  Rendered /Users/michaelrobinson/.rvm/gems/ruby-2.2.1/gems/actionpack-4.2.2/lib/action_dispatch/middleware/templates/rescues/_trace.html.erb (1.3ms)
  Rendered /Users/michaelrobinson/.rvm/gems/ruby-2.2.1/gems/actionpack-4.2.2/lib/action_dispatch/middleware/templates/routes/_route.html.erb (0.6ms)
  Rendered /Users/michaelrobinson/.rvm/gems/ruby-2.2.1/gems/actionpack-4.2.2/lib/action_dispatch/middleware/templates/routes/_table.html.erb (0.9ms)
  Rendered /Users/michaelrobinson/.rvm/gems/ruby-2.2.1/gems/actionpack-4.2.2/lib/action_dispatch/middleware/templates/rescues/_request_and_response.html.erb (0.6ms)
  Rendered /Users/michaelrobinson/.rvm/gems/ruby-2.2.1/gems/actionpack-4.2.2/lib/action_dispatch/middleware/templates/rescues/routing_error.html.erb within rescues/layout (39.0ms)
Cannot render console with content type application/jsonAllowed content types: [#<Mime::Type:0x007fdaa724c3e8 @synonyms=["application/xhtml+xml"], @symbol=:html, @string="text/html">, #<Mime::Type:0x007fdaa724c0c8 @synonyms=[], @symbol=:text, @string="text/plain">, #<Mime::Type:0x007fdaa7244f58 @synonyms=[], @symbol=:url_encoded_form, @string="application/x-www-form-urlencoded">]


Started POST "/v1/users" for 127.0.0.1 at 2015-08-29 11:45:47 +1000

ActionController::RoutingError (No route matches [POST] "/v1/users"):
  actionpack (4.2.2) lib/action_dispatch/middleware/debug_exceptions.rb:21:in `call'
  web-console (2.2.1) lib/web_console/middleware.rb:39:in `call'
  actionpack (4.2.2) lib/action_dispatch/middleware/show_exceptions.rb:30:in `call'
  railties (4.2.2) lib/rails/rack/logger.rb:38:in `call_app'
  railties (4.2.2) lib/rails/rack/logger.rb:20:in `block in call'
  activesupport (4.2.2) lib/active_support/tagged_logging.rb:68:in `block in tagged'
  activesupport (4.2.2) lib/active_support/tagged_logging.rb:26:in `tagged'
  activesupport (4.2.2) lib/active_support/tagged_logging.rb:68:in `tagged'
  railties (4.2.2) lib/rails/rack/logger.rb:20:in `call'
  actionpack (4.2.2) lib/action_dispatch/middleware/request_id.rb:21:in `call'
  rack (1.6.4) lib/rack/runtime.rb:18:in `call'
  activesupport (4.2.2) lib/active_support/cache/strategy/local_cache_middleware.rb:28:in `call'
  rack (1.6.4) lib/rack/lock.rb:17:in `call'
  actionpack (4.2.2) lib/action_dispatch/middleware/static.rb:113:in `call'
  railties (4.2.2) lib/rails/engine.rb:518:in `call'
  railties (4.2.2) lib/rails/application.rb:164:in `call'
  rack (1.6.4) lib/rack/content_length.rb:15:in `call'
  thin (1.6.3) lib/thin/connection.rb:86:in `block in pre_process'
  thin (1.6.3) lib/thin/connection.rb:84:in `catch'
  thin (1.6.3) lib/thin/connection.rb:84:in `pre_process'
  thin (1.6.3) lib/thin/connection.rb:53:in `process'
  thin (1.6.3) lib/thin/connection.rb:39:in `receive_data'
  eventmachine (1.0.8) lib/eventmachine.rb:193:in `run_machine'
  eventmachine (1.0.8) lib/eventmachine.rb:193:in `run'
  thin (1.6.3) lib/thin/backends/base.rb:73:in `start'
  thin (1.6.3) lib/thin/server.rb:162:in `start'
  rack (1.6.4) lib/rack/handler/thin.rb:19:in `run'
  rack (1.6.4) lib/rack/server.rb:286:in `start'
  railties (4.2.2) lib/rails/commands/server.rb:80:in `start'
  railties (4.2.2) lib/rails/commands/commands_tasks.rb:80:in `block in server'
  railties (4.2.2) lib/rails/commands/commands_tasks.rb:75:in `tap'
  railties (4.2.2) lib/rails/commands/commands_tasks.rb:75:in `server'
  railties (4.2.2) lib/rails/commands/commands_tasks.rb:39:in `run_command!'
  railties (4.2.2) lib/rails/commands.rb:17:in `<top (required)>'
  bin/rails:8:in `require'
  bin/rails:8:in `<top (required)>'
  spring (1.3.6) lib/spring/client/rails.rb:28:in `load'
  spring (1.3.6) lib/spring/client/rails.rb:28:in `call'
  spring (1.3.6) lib/spring/client/command.rb:7:in `call'
  spring (1.3.6) lib/spring/client.rb:26:in `run'
  spring (1.3.6) bin/spring:48:in `<top (required)>'
  spring (1.3.6) lib/spring/binstub.rb:11:in `load'
  spring (1.3.6) lib/spring/binstub.rb:11:in `<top (required)>'
  bin/spring:13:in `require'
  bin/spring:13:in `<top (required)>'
  bin/rails:3:in `load'
  bin/rails:3:in `<main>'


  Rendered /Users/michaelrobinson/.rvm/gems/ruby-2.2.1/gems/actionpack-4.2.2/lib/action_dispatch/middleware/templates/rescues/_trace.html.erb (1.1ms)
  Rendered /Users/michaelrobinson/.rvm/gems/ruby-2.2.1/gems/actionpack-4.2.2/lib/action_dispatch/middleware/templates/routes/_route.html.erb (0.6ms)
  Rendered /Users/michaelrobinson/.rvm/gems/ruby-2.2.1/gems/actionpack-4.2.2/lib/action_dispatch/middleware/templates/routes/_table.html.erb (0.9ms)
  Rendered /Users/michaelrobinson/.rvm/gems/ruby-2.2.1/gems/actionpack-4.2.2/lib/action_dispatch/middleware/templates/rescues/_request_and_response.html.erb (0.7ms)
  Rendered /Users/michaelrobinson/.rvm/gems/ruby-2.2.1/gems/actionpack-4.2.2/lib/action_dispatch/middleware/templates/rescues/routing_error.html.erb within rescues/layout (38.5ms)
Cannot render console with content type application/jsonAllowed content types: [#<Mime::Type:0x007fdaa724c3e8 @synonyms=["application/xhtml+xml"], @symbol=:html, @string="text/html">, #<Mime::Type:0x007fdaa724c0c8 @synonyms=[], @symbol=:text, @string="text/plain">, #<Mime::Type:0x007fdaa7244f58 @synonyms=[], @symbol=:url_encoded_form, @string="application/x-www-form-urlencoded">]
  [1m[36mActiveRecord::SchemaMigration Load (0.2ms)[0m  [1mSELECT "schema_migrations".* FROM "schema_migrations"[0m
Migrating to AddStories (20150829022643)
  [1m[35m (0.1ms)[0m  BEGIN
  [1m[36m (28.1ms)[0m  [1mCREATE TABLE "stories" ("id" serial primary key, "title" character varying, "body" text, "user_id" integer, "created_at" timestamp NOT NULL, "updated_at" timestamp NOT NULL) [0m
  [1m[35m (0.7ms)[0m  CREATE  INDEX  "index_stories_on_user_id" ON "stories"  ("user_id")
  [1m[36mSQL (1.7ms)[0m  [1mINSERT INTO "schema_migrations" ("version") VALUES ($1)[0m  [["version", "20150829022643"]]
  [1m[35m (6.5ms)[0m  COMMIT
  [1m[36mActiveRecord::SchemaMigration Load (0.2ms)[0m  [1mSELECT "schema_migrations".* FROM "schema_migrations"[0m
  [1m[35m (2.8ms)[0m  SELECT t2.oid::regclass::text AS to_table, a1.attname AS column, a2.attname AS primary_key, c.conname AS name, c.confupdtype AS on_update, c.confdeltype AS on_delete
FROM pg_constraint c
JOIN pg_class t1 ON c.conrelid = t1.oid
JOIN pg_class t2 ON c.confrelid = t2.oid
JOIN pg_attribute a1 ON a1.attnum = c.conkey[1] AND a1.attrelid = t1.oid
JOIN pg_attribute a2 ON a2.attnum = c.confkey[1] AND a2.attrelid = t2.oid
JOIN pg_namespace t3 ON c.connamespace = t3.oid
WHERE c.contype = 'f'
  AND t1.relname = 'stories'
  AND t3.nspname = ANY (current_schemas(false))
ORDER BY c.conname

  [1m[36m (2.3ms)[0m  [1mSELECT t2.oid::regclass::text AS to_table, a1.attname AS column, a2.attname AS primary_key, c.conname AS name, c.confupdtype AS on_update, c.confdeltype AS on_delete
FROM pg_constraint c
JOIN pg_class t1 ON c.conrelid = t1.oid
JOIN pg_class t2 ON c.confrelid = t2.oid
JOIN pg_attribute a1 ON a1.attnum = c.conkey[1] AND a1.attrelid = t1.oid
JOIN pg_attribute a2 ON a2.attnum = c.confkey[1] AND a2.attrelid = t2.oid
JOIN pg_namespace t3 ON c.connamespace = t3.oid
WHERE c.contype = 'f'
  AND t1.relname = 'users'
  AND t3.nspname = ANY (current_schemas(false))
ORDER BY c.conname
[0m


Started POST "/v1/users" for 127.0.0.1 at 2015-08-29 12:27:39 +1000
  [1m[36mActiveRecord::SchemaMigration Load (0.2ms)[0m  [1mSELECT "schema_migrations".* FROM "schema_migrations"[0m
Processing by V1::UsersController#create as JSON
  Parameters: {"user"=>{"username"=>"testuser", "email"=>"test@example.com", "password"=>"[FILTERED]", "password_confirmation"=>"[FILTERED]"}}
  [1m[35m (0.1ms)[0m  BEGIN
  [1m[36mUser Exists (0.6ms)[0m  [1mSELECT  1 AS one FROM "users" WHERE "users"."email" = 'test@example.com' LIMIT 1[0m
  [1m[35mSQL (8.4ms)[0m  INSERT INTO "users" ("email", "username", "encrypted_password", "created_at", "updated_at") VALUES ($1, $2, $3, $4, $5) RETURNING "id"  [["email", "test@example.com"], ["username", "testuser"], ["encrypted_password", "$2a$10$VqG7lUg6BzILVaG8l2sLje1u5lz9m5HzSa2ieFH7YggADQ0Z0/aya"], ["created_at", "2015-08-29 02:27:40.100578"], ["updated_at", "2015-08-29 02:27:40.100578"]]
  [1m[36mUser Exists (0.5ms)[0m  [1mSELECT  1 AS one FROM "users" WHERE ("users"."email" = 'test@example.com' AND "users"."id" != 2) LIMIT 1[0m
  [1m[35mSQL (0.2ms)[0m  UPDATE "users" SET "email" = $1, "username" = $2, "encrypted_password" = $3, "created_at" = $4, "updated_at" = $5, "id" = $6, "access_token" = $7 WHERE "users"."id" = $8  [["email", "test@example.com"], ["username", "testuser"], ["encrypted_password", "$2a$10$VqG7lUg6BzILVaG8l2sLje1u5lz9m5HzSa2ieFH7YggADQ0Z0/aya"], ["created_at", "2015-08-29 02:27:40.100578"], ["updated_at", "2015-08-29 02:27:40.100578"], ["id", 2], ["access_token", "2:Kv6n-zbz9vCgfZseNyRt"], ["id", 2]]
  [1m[36m (0.4ms)[0m  [1mCOMMIT[0m
Completed 200 OK in 111ms (Views: 1.2ms | ActiveRecord: 12.1ms)


Started POST "/v1/users" for 127.0.0.1 at 2015-08-29 12:29:55 +1000
Processing by V1::UsersController#create as JSON
  Parameters: {"user"=>{"username"=>"testuser", "email"=>"test@example.com", "password"=>"[FILTERED]", "password_confirmation"=>"[FILTERED]"}}
  [1m[35m (0.1ms)[0m  BEGIN
  [1m[36mUser Exists (0.3ms)[0m  [1mSELECT  1 AS one FROM "users" WHERE "users"."email" = 'test@example.com' LIMIT 1[0m
  [1m[35m (0.1ms)[0m  ROLLBACK
Completed 422 Unprocessable Entity in 271ms (Views: 0.2ms | ActiveRecord: 0.5ms)


Started POST "/v1/users" for 127.0.0.1 at 2015-08-29 12:30:16 +1000
Processing by V1::UsersController#create as JSON
  Parameters: {"user"=>{"username"=>"testuser", "email"=>"test@example.com", "password"=>"[FILTERED]", "password_confirmation"=>"[FILTERED]"}}
  [1m[36m (0.1ms)[0m  [1mBEGIN[0m
  [1m[35mUser Exists (0.3ms)[0m  SELECT  1 AS one FROM "users" WHERE "users"."email" = 'test@example.com' LIMIT 1
  [1m[36m (0.1ms)[0m  [1mROLLBACK[0m
Completed 422 Unprocessable Entity in 62ms (Views: 0.1ms | ActiveRecord: 0.4ms)


Started POST "/v1/users" for 127.0.0.1 at 2015-08-29 12:30:19 +1000
Processing by V1::UsersController#create as JSON
  Parameters: {"user"=>{"username"=>"testuser", "email"=>"test@example.com", "password"=>"[FILTERED]", "password_confirmation"=>"[FILTERED]"}}
  [1m[35m (0.1ms)[0m  BEGIN
  [1m[36mUser Exists (0.3ms)[0m  [1mSELECT  1 AS one FROM "users" WHERE "users"."email" = 'test@example.com' LIMIT 1[0m
  [1m[35m (0.1ms)[0m  ROLLBACK
Completed 422 Unprocessable Entity in 65ms (Views: 0.2ms | ActiveRecord: 0.6ms)


Started POST "/v1/stories" for 127.0.0.1 at 2015-08-29 12:30:59 +1000
Processing by V1::StoriesController#create as JSON
  Parameters: {"story"=>{"title"=>"Test Title", "body"=>"blah blah blah blah blah blah blah"}}
Filter chain halted as :authenticate_user_from_token! rendered or redirected
Completed 401 Unauthorized in 0ms (Views: 0.1ms | ActiveRecord: 0.0ms)


Started POST "/v1/stories" for 127.0.0.1 at 2015-08-29 12:31:23 +1000
Processing by V1::StoriesController#create as JSON
  Parameters: {"story"=>{"title"=>"Test Title", "body"=>"blah blah blah blah blah blah blah"}}
Filter chain halted as :authenticate_user_from_token! rendered or redirected
Completed 401 Unauthorized in 0ms (Views: 0.1ms | ActiveRecord: 0.0ms)


Started POST "/v1/stories" for 127.0.0.1 at 2015-08-29 16:13:04 +1000
Processing by V1::StoriesController#create as JSON
  Parameters: {"story"=>{"title"=>"Test Title", "body"=>"blah blah blah blah blah blah blah"}}
Filter chain halted as :authenticate_user_from_token! rendered or redirected
Completed 401 Unauthorized in 0ms (Views: 0.1ms | ActiveRecord: 0.0ms)


Started POST "/v1/stories" for 127.0.0.1 at 2015-08-29 16:13:09 +1000
Processing by V1::StoriesController#create as JSON
  Parameters: {"story"=>{"title"=>"Test Title", "body"=>"blah blah blah blah blah blah blah"}}
Filter chain halted as :authenticate_user_from_token! rendered or redirected
Completed 401 Unauthorized in 0ms (Views: 0.2ms | ActiveRecord: 0.0ms)


Started POST "/v1/stories" for 127.0.0.1 at 2015-08-29 16:13:25 +1000
Processing by V1::StoriesController#create as JSON
  Parameters: {"story"=>{"title"=>"Test Title", "body"=>"blah blah blah blah blah blah blah"}}
Filter chain halted as :authenticate_user_from_token! rendered or redirected
Completed 401 Unauthorized in 0ms (Views: 0.2ms | ActiveRecord: 0.0ms)


Started POST "/v1/users" for 127.0.0.1 at 2015-08-29 16:14:13 +1000
Processing by V1::UsersController#create as JSON
  Parameters: {"user"=>{"username"=>"testuser", "email"=>"test@example.com", "password"=>"[FILTERED]", "password_confirmation"=>"[FILTERED]"}}
  [1m[36m (0.1ms)[0m  [1mBEGIN[0m
  [1m[35mUser Exists (0.2ms)[0m  SELECT  1 AS one FROM "users" WHERE "users"."email" = 'test@example.com' LIMIT 1
  [1m[36m (0.1ms)[0m  [1mROLLBACK[0m
Completed 422 Unprocessable Entity in 68ms (Views: 0.1ms | ActiveRecord: 0.4ms)


Started POST "/v1/login" for 127.0.0.1 at 2015-08-29 16:15:38 +1000
Processing by V1::SessionsController#create as JSON
  Parameters: {"user"=>{"username"=>"testuser", "email"=>"test@example.com", "password"=>"[FILTERED]", "password_confirmation"=>"[FILTERED]"}, "session"=>{"user"=>{"username"=>"testuser", "email"=>"test@example.com", "password"=>"[FILTERED]", "password_confirmation"=>"[FILTERED]"}}}
  [1m[35mUser Load (0.3ms)[0m  SELECT  "users".* FROM "users" WHERE "users"."email" = $1  ORDER BY "users"."id" ASC LIMIT 1  [["email", ""]]
Completed 422 Unprocessable Entity in 3ms (Views: 0.2ms | ActiveRecord: 0.3ms)


Started POST "/v1/users" for 127.0.0.1 at 2015-08-29 16:20:14 +1000
Processing by V1::UsersController#create as JSON
  Parameters: {"user"=>{"username"=>"mike", "email"=>"mike@example.com", "password"=>"[FILTERED]", "password_confirmation"=>"[FILTERED]"}}
  [1m[36m (0.1ms)[0m  [1mBEGIN[0m
  [1m[35mUser Exists (0.3ms)[0m  SELECT  1 AS one FROM "users" WHERE "users"."email" = 'mike@example.com' LIMIT 1
  [1m[36mSQL (0.2ms)[0m  [1mINSERT INTO "users" ("email", "username", "encrypted_password", "created_at", "updated_at") VALUES ($1, $2, $3, $4, $5) RETURNING "id"[0m  [["email", "mike@example.com"], ["username", "mike"], ["encrypted_password", "$2a$10$RHR3cOO0csOjSCIIlvP1juyDujmEP1TKQh5gs5K34njToGt9w4.TS"], ["created_at", "2015-08-29 06:20:14.565572"], ["updated_at", "2015-08-29 06:20:14.565572"]]
  [1m[35mUser Exists (0.2ms)[0m  SELECT  1 AS one FROM "users" WHERE ("users"."email" = 'mike@example.com' AND "users"."id" != 3) LIMIT 1
  [1m[36mSQL (0.1ms)[0m  [1mUPDATE "users" SET "email" = $1, "username" = $2, "encrypted_password" = $3, "created_at" = $4, "updated_at" = $5, "id" = $6, "access_token" = $7 WHERE "users"."id" = $8[0m  [["email", "mike@example.com"], ["username", "mike"], ["encrypted_password", "$2a$10$RHR3cOO0csOjSCIIlvP1juyDujmEP1TKQh5gs5K34njToGt9w4.TS"], ["created_at", "2015-08-29 06:20:14.565572"], ["updated_at", "2015-08-29 06:20:14.565572"], ["id", 3], ["access_token", "3:qsj7F-w-xwE4Xze7G_Gd"], ["id", 3]]
  [1m[35m (0.9ms)[0m  COMMIT
Completed 200 OK in 70ms (Views: 0.4ms | ActiveRecord: 1.8ms)


Started POST "/v1/login" for 127.0.0.1 at 2015-08-29 16:20:23 +1000
Processing by V1::SessionsController#create as JSON
  Parameters: {"user"=>{"username"=>"mike", "email"=>"mike@example.com", "password"=>"[FILTERED]", "password_confirmation"=>"[FILTERED]"}, "session"=>{"user"=>{"username"=>"mike", "email"=>"mike@example.com", "password"=>"[FILTERED]", "password_confirmation"=>"[FILTERED]"}}}
  [1m[36mUser Load (0.3ms)[0m  [1mSELECT  "users".* FROM "users" WHERE "users"."email" = $1  ORDER BY "users"."id" ASC LIMIT 1[0m  [["email", ""]]
Completed 422 Unprocessable Entity in 1ms (Views: 0.1ms | ActiveRecord: 0.3ms)


Started POST "/v1/login" for 127.0.0.1 at 2015-08-29 16:23:05 +1000
  [1m[36mActiveRecord::SchemaMigration Load (0.3ms)[0m  [1mSELECT "schema_migrations".* FROM "schema_migrations"[0m
Processing by V1::SessionsController#create as JSON
  Parameters: {"user"=>{"username"=>"mike", "email"=>"mike@example.com", "password"=>"[FILTERED]", "password_confirmation"=>"[FILTERED]"}, "session"=>{"user"=>{"username"=>"mike", "email"=>"mike@example.com", "password"=>"[FILTERED]", "password_confirmation"=>"[FILTERED]"}}}
  [1m[35mUser Load (0.4ms)[0m  SELECT  "users".* FROM "users" WHERE "users"."email" = $1  ORDER BY "users"."id" ASC LIMIT 1  [["email", ""]]
Completed 422 Unprocessable Entity in 258ms (Views: 0.2ms | ActiveRecord: 2.6ms)


Started POST "/v1/login" for 127.0.0.1 at 2015-08-29 16:37:38 +1000
Processing by V1::SessionsController#create as JSON
  Parameters: {"user"=>{"username"=>"mike", "email"=>"mike@example.com", "password"=>"[FILTERED]", "password_confirmation"=>"[FILTERED]"}, "session"=>{"user"=>{"username"=>"mike", "email"=>"mike@example.com", "password"=>"[FILTERED]", "password_confirmation"=>"[FILTERED]"}}}
  [1m[36mUser Load (0.2ms)[0m  [1mSELECT  "users".* FROM "users" WHERE "users"."email" = $1  ORDER BY "users"."id" ASC LIMIT 1[0m  [["email", ""]]
Completed 422 Unprocessable Entity in 3ms (Views: 0.1ms | ActiveRecord: 1.4ms)


Started POST "/v1/login" for 127.0.0.1 at 2015-08-29 16:37:51 +1000
Processing by V1::SessionsController#create as JSON
  Parameters: {"user"=>{"username"=>"mike", "email"=>"mike@example.com", "password"=>"[FILTERED]", "password_confirmation"=>"[FILTERED]"}, "session"=>{"user"=>{"username"=>"mike", "email"=>"mike@example.com", "password"=>"[FILTERED]", "password_confirmation"=>"[FILTERED]"}}}
  [1m[35mUser Load (0.2ms)[0m  SELECT  "users".* FROM "users" WHERE "users"."email" = $1  ORDER BY "users"."id" ASC LIMIT 1  [["email", ""]]
Completed 422 Unprocessable Entity in 4ms (Views: 0.1ms | ActiveRecord: 1.6ms)


Started POST "/v1/login" for 127.0.0.1 at 2015-08-29 16:38:25 +1000
Processing by V1::SessionsController#create as JSON
  Parameters: {"user"=>{"username"=>"mike", "email"=>"mike@example.com", "password"=>"[FILTERED]", "password_confirmation"=>"[FILTERED]"}, "session"=>{"user"=>{"username"=>"mike", "email"=>"mike@example.com", "password"=>"[FILTERED]", "password_confirmation"=>"[FILTERED]"}}}
  [1m[36mUser Load (0.3ms)[0m  [1mSELECT  "users".* FROM "users" WHERE "users"."email" = $1  ORDER BY "users"."id" ASC LIMIT 1[0m  [["email", ""]]
Completed 422 Unprocessable Entity in 4ms (Views: 0.2ms | ActiveRecord: 1.5ms)


Started POST "/v1/login" for 127.0.0.1 at 2015-08-29 16:38:57 +1000
  [1m[36mActiveRecord::SchemaMigration Load (0.3ms)[0m  [1mSELECT "schema_migrations".* FROM "schema_migrations"[0m
Processing by V1::SessionsController#create as JSON
  Parameters: {"user"=>{"username"=>"mike", "email"=>"mike@example.com", "password"=>"[FILTERED]", "password_confirmation"=>"[FILTERED]"}, "session"=>{"user"=>{"username"=>"mike", "email"=>"mike@example.com", "password"=>"[FILTERED]", "password_confirmation"=>"[FILTERED]"}}}
  [1m[35mUser Load (0.4ms)[0m  SELECT  "users".* FROM "users" WHERE "users"."email" = $1  ORDER BY "users"."id" ASC LIMIT 1  [["email", ""]]
Completed 422 Unprocessable Entity in 243ms (Views: 0.2ms | ActiveRecord: 2.8ms)


Started POST "/v1/login" for 127.0.0.1 at 2015-08-29 16:42:34 +1000
  [1m[36mActiveRecord::SchemaMigration Load (0.2ms)[0m  [1mSELECT "schema_migrations".* FROM "schema_migrations"[0m
Processing by V1::SessionsController#create as JSON
  Parameters: {"user"=>{"username"=>"mike", "email"=>"mike@example.com", "password"=>"[FILTERED]", "password_confirmation"=>"[FILTERED]"}, "session"=>{"user"=>{"username"=>"mike", "email"=>"mike@example.com", "password"=>"[FILTERED]", "password_confirmation"=>"[FILTERED]"}}}
  [1m[35mUser Load (0.3ms)[0m  SELECT  "users".* FROM "users" WHERE "users"."email" = $1  ORDER BY "users"."id" ASC LIMIT 1  [["email", ""]]
Completed 422 Unprocessable Entity in 234ms (Views: 0.2ms | ActiveRecord: 2.9ms)


Started POST "/v1/login" for 127.0.0.1 at 2015-08-29 16:43:27 +1000
Processing by V1::SessionsController#create as JSON
  Parameters: {"user"=>{"username"=>"mike", "email"=>"mike@example.com", "password"=>"[FILTERED]", "password_confirmation"=>"[FILTERED]"}, "session"=>{"user"=>{"username"=>"mike", "email"=>"mike@example.com", "password"=>"[FILTERED]", "password_confirmation"=>"[FILTERED]"}}}
  [1m[36mUser Load (0.3ms)[0m  [1mSELECT  "users".* FROM "users" WHERE "users"."email" = $1  ORDER BY "users"."id" ASC LIMIT 1[0m  [["email", ""]]
Completed 422 Unprocessable Entity in 2ms (Views: 0.1ms | ActiveRecord: 0.3ms)


Started POST "/v1/login" for 127.0.0.1 at 2015-08-29 16:43:54 +1000
  [1m[36mActiveRecord::SchemaMigration Load (0.2ms)[0m  [1mSELECT "schema_migrations".* FROM "schema_migrations"[0m
Processing by V1::SessionsController#create as JSON
  Parameters: {"user"=>{"username"=>"mike", "email"=>"mike@example.com", "password"=>"[FILTERED]", "password_confirmation"=>"[FILTERED]"}, "session"=>{"user"=>{"username"=>"mike", "email"=>"mike@example.com", "password"=>"[FILTERED]", "password_confirmation"=>"[FILTERED]"}}}
  [1m[35mUser Load (0.3ms)[0m  SELECT  "users".* FROM "users" WHERE "users"."email" = $1  ORDER BY "users"."id" ASC LIMIT 1  [["email", ""]]
Completed 422 Unprocessable Entity in 200ms (Views: 0.2ms | ActiveRecord: 2.6ms)


Started POST "/v1/login" for 127.0.0.1 at 2015-08-29 16:45:38 +1000
Processing by V1::SessionsController#create as JSON
  Parameters: {"user"=>{"username"=>"mike", "email"=>"mike@example.com", "password"=>"[FILTERED]", "password_confirmation"=>"[FILTERED]"}, "session"=>{"user"=>{"username"=>"mike", "email"=>"mike@example.com", "password"=>"[FILTERED]", "password_confirmation"=>"[FILTERED]"}}}
  [1m[36mUser Load (0.2ms)[0m  [1mSELECT  "users".* FROM "users" WHERE "users"."email" = $1  ORDER BY "users"."id" ASC LIMIT 1[0m  [["email", ""]]
Completed 422 Unprocessable Entity in 63948ms (Views: 0.9ms | ActiveRecord: 1.6ms)


Started POST "/v1/login" for 127.0.0.1 at 2015-08-29 16:47:39 +1000
Processing by V1::SessionsController#create as JSON
  Parameters: {"user"=>{"username"=>"mike", "email"=>"mike@example.com", "password"=>"[FILTERED]", "password_confirmation"=>"[FILTERED]"}, "session"=>{"user"=>{"username"=>"mike", "email"=>"mike@example.com", "password"=>"[FILTERED]", "password_confirmation"=>"[FILTERED]"}}}
  [1m[35mUser Load (0.3ms)[0m  SELECT  "users".* FROM "users" WHERE "users"."email" = $1  ORDER BY "users"."id" ASC LIMIT 1  [["email", "mike@example.com"]]
Completed 200 OK in 88ms (Views: 2.3ms | ActiveRecord: 1.7ms)


Started POST "/v1/login" for 127.0.0.1 at 2015-08-29 16:48:13 +1000
Processing by V1::SessionsController#create as JSON
  Parameters: {"user"=>{"username"=>"mike", "email"=>"mike@example.com", "password"=>"[FILTERED]", "password_confirmation"=>"[FILTERED]"}, "session"=>{"user"=>{"username"=>"mike", "email"=>"mike@example.com", "password"=>"[FILTERED]", "password_confirmation"=>"[FILTERED]"}}}
  [1m[36mUser Load (0.3ms)[0m  [1mSELECT  "users".* FROM "users" WHERE "users"."email" = $1  ORDER BY "users"."id" ASC LIMIT 1[0m  [["email", "mike@example.com"]]
Completed 200 OK in 66ms (Views: 1.2ms | ActiveRecord: 0.3ms)


Started POST "/v1/stories" for 127.0.0.1 at 2015-08-29 16:48:31 +1000
Processing by V1::StoriesController#create as JSON
  Parameters: {"story"=>{"title"=>"Test Title", "body"=>"blah blah blah blah blah blah blah"}}
Filter chain halted as :authenticate_user_from_token! rendered or redirected
Completed 401 Unauthorized in 2ms (Views: 0.5ms | ActiveRecord: 0.0ms)


Started POST "/v1/stories" for 127.0.0.1 at 2015-08-29 16:48:51 +1000
Processing by V1::StoriesController#create as JSON
  Parameters: {"story"=>{"title"=>"Test Title", "body"=>"blah blah blah blah blah blah blah"}}
Filter chain halted as :authenticate_user_from_token! rendered or redirected
Completed 401 Unauthorized in 1ms (Views: 0.4ms | ActiveRecord: 0.0ms)


Started POST "/v1/login" for 127.0.0.1 at 2015-08-29 16:49:00 +1000
Processing by V1::SessionsController#create as JSON
  Parameters: {"user"=>{"username"=>"mike", "email"=>"mike@example.com", "password"=>"[FILTERED]", "password_confirmation"=>"[FILTERED]"}, "session"=>{"user"=>{"username"=>"mike", "email"=>"mike@example.com", "password"=>"[FILTERED]", "password_confirmation"=>"[FILTERED]"}}}
  [1m[35mUser Load (0.4ms)[0m  SELECT  "users".* FROM "users" WHERE "users"."email" = $1  ORDER BY "users"."id" ASC LIMIT 1  [["email", "mike@example.com"]]
Completed 200 OK in 66ms (Views: 1.2ms | ActiveRecord: 0.4ms)


Started POST "/v1/login" for 127.0.0.1 at 2015-08-30 12:52:35 +1000
Processing by V1::SessionsController#create as JSON
  Parameters: {"user"=>{"username"=>"mike", "email"=>"mike@example.com", "password"=>"[FILTERED]", "password_confirmation"=>"[FILTERED]"}, "session"=>{"user"=>{"username"=>"mike", "email"=>"mike@example.com", "password"=>"[FILTERED]", "password_confirmation"=>"[FILTERED]"}}}
  [1m[36mUser Load (1.1ms)[0m  [1mSELECT  "users".* FROM "users" WHERE "users"."email" = $1  ORDER BY "users"."id" ASC LIMIT 1[0m  [["email", "mike@example.com"]]
Completed 200 OK in 141ms (Views: 3.8ms | ActiveRecord: 41.2ms)


Started POST "/v1/stories" for 127.0.0.1 at 2015-08-30 12:53:39 +1000
Processing by V1::StoriesController#create as JSON
  Parameters: {"story"=>{"title"=>"Test Title", "body"=>"blah blah blah blah blah blah blah"}}
Filter chain halted as :authenticate_user_from_token! rendered or redirected
Completed 401 Unauthorized in 2ms (Views: 0.5ms | ActiveRecord: 0.0ms)


Started POST "/v1/stories" for 127.0.0.1 at 2015-08-30 12:53:54 +1000
Processing by V1::StoriesController#create as JSON
  Parameters: {"story"=>{"title"=>"Test Title", "body"=>"blah blah blah blah blah blah blah"}}
Filter chain halted as :authenticate_user_from_token! rendered or redirected
Completed 401 Unauthorized in 2ms (Views: 0.5ms | ActiveRecord: 0.0ms)


Started POST "/v1/stories" for 127.0.0.1 at 2015-08-30 12:55:12 +1000
Processing by V1::StoriesController#create as JSON
  Parameters: {"story"=>{"title"=>"Test Title", "body"=>"blah blah blah blah blah blah blah"}}
Filter chain halted as :authenticate_user_from_token! rendered or redirected
Completed 401 Unauthorized in 2ms (Views: 0.4ms | ActiveRecord: 0.0ms)


Started POST "/v1/stories" for 127.0.0.1 at 2015-08-30 13:01:22 +1000
Processing by V1::StoriesController#create as JSON
  Parameters: {"story"=>{"title"=>"Test Title", "body"=>"blah blah blah blah blah blah blah"}}
Filter chain halted as :authenticate_user_from_token! rendered or redirected
Completed 401 Unauthorized in 80023ms (Views: 0.8ms | ActiveRecord: 0.0ms)


Started POST "/v1/stories" for 127.0.0.1 at 2015-08-30 13:02:57 +1000
Processing by V1::StoriesController#create as JSON
  Parameters: {"story"=>{"title"=>"Test Title", "body"=>"blah blah blah blah blah blah blah"}}
Completed 500 Internal Server Error in 12532ms (ActiveRecord: 0.0ms)

NoMethodError (undefined method `authenticate_user_from_token' for #<V1::StoriesController:0x007f9a3413d6b8>):
  app/controllers/application_controller.rb:12:in `authenticate_user_from_token!'


  Rendered /Users/michaelrobinson/.rvm/gems/ruby-2.2.1/gems/actionpack-4.2.2/lib/action_dispatch/middleware/templates/rescues/_source.erb (69.4ms)
  Rendered /Users/michaelrobinson/.rvm/gems/ruby-2.2.1/gems/actionpack-4.2.2/lib/action_dispatch/middleware/templates/rescues/_trace.html.erb (14.3ms)
  Rendered /Users/michaelrobinson/.rvm/gems/ruby-2.2.1/gems/actionpack-4.2.2/lib/action_dispatch/middleware/templates/rescues/_request_and_response.html.erb (2.0ms)
  Rendered /Users/michaelrobinson/.rvm/gems/ruby-2.2.1/gems/actionpack-4.2.2/lib/action_dispatch/middleware/templates/rescues/diagnostics.html.erb within rescues/layout (126.1ms)
Cannot render console with content type application/jsonAllowed content types: [#<Mime::Type:0x007f9a356cf710 @synonyms=["application/xhtml+xml"], @symbol=:html, @string="text/html">, #<Mime::Type:0x007f9a356cf440 @synonyms=[], @symbol=:text, @string="text/plain">, #<Mime::Type:0x007f9a356cc010 @synonyms=[], @symbol=:url_encoded_form, @string="application/x-www-form-urlencoded">]


Started POST "/v1/stories" for 127.0.0.1 at 2015-08-30 13:03:23 +1000
Processing by V1::StoriesController#create as JSON
  Parameters: {"story"=>{"title"=>"Test Title", "body"=>"blah blah blah blah blah blah blah"}}
Completed 500 Internal Server Error in 9ms (ActiveRecord: 0.0ms)

NoMethodError (undefined method `authenticate_user_from_token' for #<V1::StoriesController:0x007f9a38093a88>):
  app/controllers/application_controller.rb:12:in `authenticate_user_from_token!'


  Rendered /Users/michaelrobinson/.rvm/gems/ruby-2.2.1/gems/actionpack-4.2.2/lib/action_dispatch/middleware/templates/rescues/_source.erb (61.8ms)
  Rendered /Users/michaelrobinson/.rvm/gems/ruby-2.2.1/gems/actionpack-4.2.2/lib/action_dispatch/middleware/templates/rescues/_trace.html.erb (13.0ms)
  Rendered /Users/michaelrobinson/.rvm/gems/ruby-2.2.1/gems/actionpack-4.2.2/lib/action_dispatch/middleware/templates/rescues/_request_and_response.html.erb (1.8ms)
  Rendered /Users/michaelrobinson/.rvm/gems/ruby-2.2.1/gems/actionpack-4.2.2/lib/action_dispatch/middleware/templates/rescues/diagnostics.html.erb within rescues/layout (107.9ms)
Cannot render console with content type application/jsonAllowed content types: [#<Mime::Type:0x007f9a356cf710 @synonyms=["application/xhtml+xml"], @symbol=:html, @string="text/html">, #<Mime::Type:0x007f9a356cf440 @synonyms=[], @symbol=:text, @string="text/plain">, #<Mime::Type:0x007f9a356cc010 @synonyms=[], @symbol=:url_encoded_form, @string="application/x-www-form-urlencoded">]


Started POST "/v1/stories" for 127.0.0.1 at 2015-08-30 13:25:20 +1000
Processing by V1::StoriesController#create as JSON
  Parameters: {"story"=>{"title"=>"Test Title", "body"=>"blah blah blah blah blah blah blah"}}
  [1m[35mUser Load (1.0ms)[0m  SELECT  "users".* FROM "users" WHERE "users"."id" = $1 LIMIT 1  [["id", 3]]
Completed 500 Internal Server Error in 37ms (ActiveRecord: 6.9ms)

NameError (uninitialized constant V1::StoriesController::Story):
  app/controllers/v1/stories_controller.rb:20:in `create'


  Rendered /Users/michaelrobinson/.rvm/gems/ruby-2.2.1/gems/actionpack-4.2.2/lib/action_dispatch/middleware/templates/rescues/_source.erb (61.6ms)
  Rendered /Users/michaelrobinson/.rvm/gems/ruby-2.2.1/gems/actionpack-4.2.2/lib/action_dispatch/middleware/templates/rescues/_trace.html.erb (23.7ms)
  Rendered /Users/michaelrobinson/.rvm/gems/ruby-2.2.1/gems/actionpack-4.2.2/lib/action_dispatch/middleware/templates/rescues/_request_and_response.html.erb (3.2ms)
  Rendered /Users/michaelrobinson/.rvm/gems/ruby-2.2.1/gems/actionpack-4.2.2/lib/action_dispatch/middleware/templates/rescues/diagnostics.html.erb within rescues/layout (118.4ms)
Cannot render console with content type application/jsonAllowed content types: [#<Mime::Type:0x007f9a356cf710 @synonyms=["application/xhtml+xml"], @symbol=:html, @string="text/html">, #<Mime::Type:0x007f9a356cf440 @synonyms=[], @symbol=:text, @string="text/plain">, #<Mime::Type:0x007f9a356cc010 @synonyms=[], @symbol=:url_encoded_form, @string="application/x-www-form-urlencoded">]


Started POST "/v1/stories" for 127.0.0.1 at 2015-08-30 13:29:34 +1000
Processing by V1::StoriesController#create as JSON
  Parameters: {"story"=>{"title"=>"Test Title", "body"=>"blah blah blah blah blah blah blah"}}
  [1m[36mUser Load (0.3ms)[0m  [1mSELECT  "users".* FROM "users" WHERE "users"."id" = $1 LIMIT 1[0m  [["id", 3]]
Completed 500 Internal Server Error in 34ms (ActiveRecord: 1.7ms)

NameError (uninitialized constant V1::StoriesController::Story):
  app/controllers/v1/stories_controller.rb:20:in `create'


  Rendered /Users/michaelrobinson/.rvm/gems/ruby-2.2.1/gems/actionpack-4.2.2/lib/action_dispatch/middleware/templates/rescues/_source.erb (64.6ms)
  Rendered /Users/michaelrobinson/.rvm/gems/ruby-2.2.1/gems/actionpack-4.2.2/lib/action_dispatch/middleware/templates/rescues/_trace.html.erb (14.8ms)
  Rendered /Users/michaelrobinson/.rvm/gems/ruby-2.2.1/gems/actionpack-4.2.2/lib/action_dispatch/middleware/templates/rescues/_request_and_response.html.erb (1.9ms)
  Rendered /Users/michaelrobinson/.rvm/gems/ruby-2.2.1/gems/actionpack-4.2.2/lib/action_dispatch/middleware/templates/rescues/diagnostics.html.erb within rescues/layout (108.3ms)
Cannot render console with content type application/jsonAllowed content types: [#<Mime::Type:0x007f9a356cf710 @synonyms=["application/xhtml+xml"], @symbol=:html, @string="text/html">, #<Mime::Type:0x007f9a356cf440 @synonyms=[], @symbol=:text, @string="text/plain">, #<Mime::Type:0x007f9a356cc010 @synonyms=[], @symbol=:url_encoded_form, @string="application/x-www-form-urlencoded">]


Started POST "/v1/stories" for 127.0.0.1 at 2015-08-30 13:30:10 +1000
Processing by V1::StoriesController#create as JSON
  Parameters: {"story"=>{"title"=>"Test Title", "body"=>"blah blah blah blah blah blah blah"}}
  [1m[35mUser Load (0.3ms)[0m  SELECT  "users".* FROM "users" WHERE "users"."id" = $1 LIMIT 1  [["id", 3]]
Completed 500 Internal Server Error in 34ms (ActiveRecord: 1.7ms)

NameError (uninitialized constant V1::StoriesController::Story):
  app/controllers/v1/stories_controller.rb:20:in `create'


  Rendered /Users/michaelrobinson/.rvm/gems/ruby-2.2.1/gems/actionpack-4.2.2/lib/action_dispatch/middleware/templates/rescues/_source.erb (66.9ms)
  Rendered /Users/michaelrobinson/.rvm/gems/ruby-2.2.1/gems/actionpack-4.2.2/lib/action_dispatch/middleware/templates/rescues/_trace.html.erb (15.1ms)
  Rendered /Users/michaelrobinson/.rvm/gems/ruby-2.2.1/gems/actionpack-4.2.2/lib/action_dispatch/middleware/templates/rescues/_request_and_response.html.erb (1.8ms)
  Rendered /Users/michaelrobinson/.rvm/gems/ruby-2.2.1/gems/actionpack-4.2.2/lib/action_dispatch/middleware/templates/rescues/diagnostics.html.erb within rescues/layout (111.6ms)
Cannot render console with content type application/jsonAllowed content types: [#<Mime::Type:0x007f9a356cf710 @synonyms=["application/xhtml+xml"], @symbol=:html, @string="text/html">, #<Mime::Type:0x007f9a356cf440 @synonyms=[], @symbol=:text, @string="text/plain">, #<Mime::Type:0x007f9a356cc010 @synonyms=[], @symbol=:url_encoded_form, @string="application/x-www-form-urlencoded">]


Started POST "/v1/stories" for 127.0.0.1 at 2015-08-30 13:35:28 +1000
Processing by V1::StoriesController#create as JSON
  Parameters: {"story"=>{"title"=>"Test Title", "body"=>"blah blah blah blah blah blah blah"}}
  [1m[36mUser Load (0.3ms)[0m  [1mSELECT  "users".* FROM "users" WHERE "users"."id" = $1 LIMIT 1[0m  [["id", 3]]
Completed 500 Internal Server Error in 70774ms (ActiveRecord: 2.1ms)

NameError (uninitialized constant V1::StoriesController::Story):
  app/controllers/v1/stories_controller.rb:21:in `create'


  Rendered /Users/michaelrobinson/.rvm/gems/ruby-2.2.1/gems/actionpack-4.2.2/lib/action_dispatch/middleware/templates/rescues/_source.erb (64.8ms)
  Rendered /Users/michaelrobinson/.rvm/gems/ruby-2.2.1/gems/actionpack-4.2.2/lib/action_dispatch/middleware/templates/rescues/_trace.html.erb (13.5ms)
  Rendered /Users/michaelrobinson/.rvm/gems/ruby-2.2.1/gems/actionpack-4.2.2/lib/action_dispatch/middleware/templates/rescues/_request_and_response.html.erb (1.6ms)
  Rendered /Users/michaelrobinson/.rvm/gems/ruby-2.2.1/gems/actionpack-4.2.2/lib/action_dispatch/middleware/templates/rescues/diagnostics.html.erb within rescues/layout (107.0ms)
Cannot render console with content type application/jsonAllowed content types: [#<Mime::Type:0x007f9a356cf710 @synonyms=["application/xhtml+xml"], @symbol=:html, @string="text/html">, #<Mime::Type:0x007f9a356cf440 @synonyms=[], @symbol=:text, @string="text/plain">, #<Mime::Type:0x007f9a356cc010 @synonyms=[], @symbol=:url_encoded_form, @string="application/x-www-form-urlencoded">]


Started POST "/v1/stories" for 127.0.0.1 at 2015-08-30 13:38:34 +1000
Processing by V1::StoriesController#create as JSON
  Parameters: {"story"=>{"title"=>"Test Title", "body"=>"blah blah blah blah blah blah blah"}}
  [1m[35mUser Load (0.3ms)[0m  SELECT  "users".* FROM "users" WHERE "users"."id" = $1 LIMIT 1  [["id", 3]]
  [1m[36m (0.3ms)[0m  [1mBEGIN[0m
  [1m[35mSQL (12.6ms)[0m  INSERT INTO "stories" ("title", "body", "user_id", "created_at", "updated_at") VALUES ($1, $2, $3, $4, $5) RETURNING "id"  [["title", "Test Title"], ["body", "blah blah blah blah blah blah blah"], ["user_id", 3], ["created_at", "2015-08-30 03:38:38.497596"], ["updated_at", "2015-08-30 03:38:38.497596"]]
  [1m[36m (5.9ms)[0m  [1mCOMMIT[0m
Completed 500 Internal Server Error in 4125ms (ActiveRecord: 22.2ms)

NameError (uninitialized constant V1::StoriesController::StorySerializer):
  app/controllers/v1/stories_controller.rb:24:in `create'


  Rendered /Users/michaelrobinson/.rvm/gems/ruby-2.2.1/gems/actionpack-4.2.2/lib/action_dispatch/middleware/templates/rescues/_source.erb (65.5ms)
  Rendered /Users/michaelrobinson/.rvm/gems/ruby-2.2.1/gems/actionpack-4.2.2/lib/action_dispatch/middleware/templates/rescues/_trace.html.erb (13.8ms)
  Rendered /Users/michaelrobinson/.rvm/gems/ruby-2.2.1/gems/actionpack-4.2.2/lib/action_dispatch/middleware/templates/rescues/_request_and_response.html.erb (1.8ms)
  Rendered /Users/michaelrobinson/.rvm/gems/ruby-2.2.1/gems/actionpack-4.2.2/lib/action_dispatch/middleware/templates/rescues/diagnostics.html.erb within rescues/layout (108.8ms)
Cannot render console with content type application/jsonAllowed content types: [#<Mime::Type:0x007f9a356cf710 @synonyms=["application/xhtml+xml"], @symbol=:html, @string="text/html">, #<Mime::Type:0x007f9a356cf440 @synonyms=[], @symbol=:text, @string="text/plain">, #<Mime::Type:0x007f9a356cc010 @synonyms=[], @symbol=:url_encoded_form, @string="application/x-www-form-urlencoded">]


Started POST "/v1/stories" for 127.0.0.1 at 2015-08-30 13:38:57 +1000
Processing by V1::StoriesController#create as JSON
  Parameters: {"story"=>{"title"=>"Test Title", "body"=>"blah blah blah blah blah blah blah"}}
  [1m[35mUser Load (0.3ms)[0m  SELECT  "users".* FROM "users" WHERE "users"."id" = $1 LIMIT 1  [["id", 3]]
  [1m[36m (0.2ms)[0m  [1mBEGIN[0m
  [1m[35mSQL (0.3ms)[0m  INSERT INTO "stories" ("title", "body", "user_id", "created_at", "updated_at") VALUES ($1, $2, $3, $4, $5) RETURNING "id"  [["title", "Test Title"], ["body", "blah blah blah blah blah blah blah"], ["user_id", 3], ["created_at", "2015-08-30 03:38:57.617877"], ["updated_at", "2015-08-30 03:38:57.617877"]]
  [1m[36m (0.5ms)[0m  [1mCOMMIT[0m
Completed 500 Internal Server Error in 62ms (ActiveRecord: 3.5ms)

NameError (uninitialized constant V1::StoriesController::StorySerializer):
  app/controllers/v1/stories_controller.rb:23:in `create'


  Rendered /Users/michaelrobinson/.rvm/gems/ruby-2.2.1/gems/actionpack-4.2.2/lib/action_dispatch/middleware/templates/rescues/_source.erb (66.4ms)
  Rendered /Users/michaelrobinson/.rvm/gems/ruby-2.2.1/gems/actionpack-4.2.2/lib/action_dispatch/middleware/templates/rescues/_trace.html.erb (20.3ms)
  Rendered /Users/michaelrobinson/.rvm/gems/ruby-2.2.1/gems/actionpack-4.2.2/lib/action_dispatch/middleware/templates/rescues/_request_and_response.html.erb (2.0ms)
  Rendered /Users/michaelrobinson/.rvm/gems/ruby-2.2.1/gems/actionpack-4.2.2/lib/action_dispatch/middleware/templates/rescues/diagnostics.html.erb within rescues/layout (115.6ms)
Cannot render console with content type application/jsonAllowed content types: [#<Mime::Type:0x007f9a356cf710 @synonyms=["application/xhtml+xml"], @symbol=:html, @string="text/html">, #<Mime::Type:0x007f9a356cf440 @synonyms=[], @symbol=:text, @string="text/plain">, #<Mime::Type:0x007f9a356cc010 @synonyms=[], @symbol=:url_encoded_form, @string="application/x-www-form-urlencoded">]


Started POST "/v1/stories" for 127.0.0.1 at 2015-08-30 13:44:32 +1000
Processing by V1::StoriesController#create as JSON
  Parameters: {"story"=>{"title"=>"Test Title", "body"=>"blah blah blah blah blah blah blah"}}
  [1m[35mUser Load (0.2ms)[0m  SELECT  "users".* FROM "users" WHERE "users"."id" = $1 LIMIT 1  [["id", 3]]
  [1m[36m (0.2ms)[0m  [1mBEGIN[0m
  [1m[35mSQL (0.3ms)[0m  INSERT INTO "stories" ("title", "body", "user_id", "created_at", "updated_at") VALUES ($1, $2, $3, $4, $5) RETURNING "id"  [["title", "Test Title"], ["body", "blah blah blah blah blah blah blah"], ["user_id", 3], ["created_at", "2015-08-30 03:44:33.171720"], ["updated_at", "2015-08-30 03:44:33.171720"]]
  [1m[36m (1.0ms)[0m  [1mCOMMIT[0m
Completed 200 OK in 64ms (Views: 2.9ms | ActiveRecord: 4.4ms)


Started POST "/v1/stories" for 127.0.0.1 at 2015-08-30 13:45:46 +1000
Processing by V1::StoriesController#create as JSON
  Parameters: {"story"=>{"title"=>"Test Title", "body"=>"blah blah blah blah blah blah blah"}}
  [1m[35mUser Load (0.2ms)[0m  SELECT  "users".* FROM "users" WHERE "users"."id" = $1 LIMIT 1  [["id", 3]]
  [1m[36m (0.2ms)[0m  [1mBEGIN[0m
  [1m[35mSQL (0.3ms)[0m  INSERT INTO "stories" ("title", "body", "user_id", "created_at", "updated_at") VALUES ($1, $2, $3, $4, $5) RETURNING "id"  [["title", "Test Title"], ["body", "blah blah blah blah blah blah blah"], ["user_id", 3], ["created_at", "2015-08-30 03:45:46.493402"], ["updated_at", "2015-08-30 03:45:46.493402"]]
  [1m[36m (6.3ms)[0m  [1mCOMMIT[0m
Completed 200 OK in 68ms (Views: 3.6ms | ActiveRecord: 9.3ms)


Started POST "/v1/stories" for 127.0.0.1 at 2015-08-30 13:46:19 +1000
Processing by V1::StoriesController#create as JSON
  Parameters: {"story"=>{"title"=>"Test Title", "body"=>"blah blah blah blah blah blah blah"}}
  [1m[35mUser Load (0.2ms)[0m  SELECT  "users".* FROM "users" WHERE "users"."id" = $1 LIMIT 1  [["id", 3]]
  [1m[36m (0.2ms)[0m  [1mBEGIN[0m
  [1m[35mSQL (0.3ms)[0m  INSERT INTO "stories" ("title", "body", "user_id", "created_at", "updated_at") VALUES ($1, $2, $3, $4, $5) RETURNING "id"  [["title", "Test Title"], ["body", "blah blah blah blah blah blah blah"], ["user_id", 3], ["created_at", "2015-08-30 03:46:19.760155"], ["updated_at", "2015-08-30 03:46:19.760155"]]
  [1m[36m (1.1ms)[0m  [1mCOMMIT[0m
Completed 200 OK in 61ms (Views: 3.3ms | ActiveRecord: 4.2ms)


Started POST "/v1/stories" for 127.0.0.1 at 2015-08-30 13:46:44 +1000
Processing by V1::StoriesController#create as JSON
  Parameters: {"story"=>{"title"=>"Test Title", "body"=>"blah blah blah blah blah blah blah"}}
  [1m[35mUser Load (0.2ms)[0m  SELECT  "users".* FROM "users" WHERE "users"."id" = $1 LIMIT 1  [["id", 3]]
  [1m[36m (0.2ms)[0m  [1mBEGIN[0m
  [1m[35mSQL (0.3ms)[0m  INSERT INTO "stories" ("title", "body", "user_id", "created_at", "updated_at") VALUES ($1, $2, $3, $4, $5) RETURNING "id"  [["title", "Test Title"], ["body", "blah blah blah blah blah blah blah"], ["user_id", 3], ["created_at", "2015-08-30 03:46:44.510444"], ["updated_at", "2015-08-30 03:46:44.510444"]]
  [1m[36m (0.9ms)[0m  [1mCOMMIT[0m
Completed 200 OK in 60ms (Views: 2.7ms | ActiveRecord: 3.9ms)
